Found multiple CONVEX_URL environment variables in .env.local so cannot update automatically.
- Preparing Convex functions...

A minor update is available for Convex (1.32.0 ΓåÆ 1.33.1)
Changelog: https://github.com/get-convex/convex-js/blob/main/CHANGELOG.md#changelog
Γ£û TypeScript typecheck via `tsc` failed.
To ignore failing typecheck, use `--typecheck=disable`.
- Collecting TypeScript errors

convex/platform/changelog/mutations.ts:20:52 - error TS2345: Argument of type '{ version: string; title: string; description: string; type: "feature" | "fix" | "improvement" | "breaking"; tags: string[]; author: string; date: number; createdAt: number; }' is not assignable to parameter of type '{ createdAt: number; type: "feature" | "fix" | "improvement" | "breaking"; updatedAt: number; description: string; version: string; title: string; date: number; author: string; tags: string[]; }'.
  Property 'updatedAt' is missing in type '{ version: string; title: string; description: string; type: "feature" | "fix" | "improvement" | "breaking"; tags: string[]; author: string; date: number; createdAt: number; }' but required in type '{ createdAt: number; type: "feature" | "fix" | "improvement" | "breaking"; updatedAt: number; description: string; version: string; title: string; date: number; author: string; tags: string[]; }'.

 20     return await ctx.db.insert("changelogEntries", {
                                                       ~
 21       version: args.version,
    ~~~~~~~~~~~~~~~~~~~~~~~~~~~~
... 
 28       createdAt: Date.now(),
    ~~~~~~~~~~~~~~~~~~~~~~~~~~~~
 29     });
    ~~~~~
convex/platform/communications/mutations.ts:158:7 - error TS2322: Type '"broadcast" | "campaign" | "alert" | "transactional" | "drip_step"' is not assignable to type '"broadcast" | "targeted"'.
  Type '"campaign"' is not assignable to type '"broadcast" | "targeted"'.

158       type: args.type,
          ~~~~

  node_modules/convex/dist/esm-types/type_utils.d.ts:11:97
    11 export type Expand<ObjectType extends Record<any, any>> = ObjectType extends Record<any, any> ? {
                                                                                                       ~
    12     [Key in keyof ObjectType]: ObjectType[Key];
       ~~~~~~~~~~~~~~~~~~~~~~~~~~~~~~~~~~~~~~~~~~~~~~~
    13 } : never;
       ~
    The expected type comes from property 'type' which is declared here on type '{ sentAt?: number | undefined; scheduledAt?: number | undefined; segment?: string | undefined; createdAt: number; type: "broadcast" | "targeted"; status: "scheduled" | "sent" | "draft"; ... 7 more ...; inAppBody: string; }'

convex/platform/communications/mutations.ts:160:7 - error TS2322: Type 'string | undefined' is not assignable to type 'string'.
  Type 'undefined' is not assignable to type 'string'.

160       emailBody: normalizeString(args.emailBody),
          ~~~~~~~~~

  node_modules/convex/dist/esm-types/type_utils.d.ts:11:97
    11 export type Expand<ObjectType extends Record<any, any>> = ObjectType extends Record<any, any> ? {
                                                                                                       ~
    12     [Key in keyof ObjectType]: ObjectType[Key];
       ~~~~~~~~~~~~~~~~~~~~~~~~~~~~~~~~~~~~~~~~~~~~~~~
    13 } : never;
       ~
    The expected type comes from property 'emailBody' which is declared here on type '{ sentAt?: number | undefined; scheduledAt?: number | undefined; segment?: string | undefined; createdAt: number; type: "broadcast" | "targeted"; status: "scheduled" | "sent" | "draft"; ... 7 more ...; inAppBody: string; }'
convex/platform/communications/mutations.ts:161:7 - error TS2322: Type 'string | undefined' is not assignable to type 'string'.
  Type 'undefined' is not assignable to type 'string'.

161       smsBody: normalizeString(args.smsBody),
          ~~~~~~~

  node_modules/convex/dist/esm-types/type_utils.d.ts:11:97
    11 export type Expand<ObjectType extends Record<any, any>> = ObjectType extends Record<any, any> ? {
                                                                                                       ~
    12     [Key in keyof ObjectType]: ObjectType[Key];
       ~~~~~~~~~~~~~~~~~~~~~~~~~~~~~~~~~~~~~~~~~~~~~~~
    13 } : never;
       ~
    The expected type comes from property 'smsBody' which is declared here on type '{ sentAt?: number | undefined; scheduledAt?: number | undefined; segment?: string | undefined; createdAt: number; type: "broadcast" | "targeted"; status: "scheduled" | "sent" | "draft"; ... 7 more ...; inAppBody: string; }'
convex/platform/communications/mutations.ts:162:7 - error TS2322: Type 'string | undefined' is not assignable to type 'string'.
  Type 'undefined' is not assignable to type 'string'.

162       inAppBody: normalizeString(args.inAppBody),
          ~~~~~~~~~

  node_modules/convex/dist/esm-types/type_utils.d.ts:11:97
    11 export type Expand<ObjectType extends Record<any, any>> = ObjectType extends Record<any, any> ? {
                                                                                                       ~
    12     [Key in keyof ObjectType]: ObjectType[Key];
       ~~~~~~~~~~~~~~~~~~~~~~~~~~~~~~~~~~~~~~~~~~~~~~~
    13 } : never;
       ~
    The expected type comes from property 'inAppBody' which is declared here on type '{ sentAt?: number | undefined; scheduledAt?: number | undefined; segment?: string | undefined; createdAt: number; type: "broadcast" | "targeted"; status: "scheduled" | "sent" | "draft"; ... 7 more ...; inAppBody: string; }'
convex/platform/communications/mutations.ts:164:7 - error TS2322: Type '{ tenantIds?: string[] | undefined; excludeTenantIds?: string[] | undefined; planTiers?: string[] | undefined; statuses?: string[] | undefined; counties?: string[] | undefined; schoolTypes?: string[] | undefined; }' is not assignable to type 'string'.

164       segment: args.segment,
          ~~~~~~~

  node_modules/convex/dist/esm-types/type_utils.d.ts:11:97
    11 export type Expand<ObjectType extends Record<any, any>> = ObjectType extends Record<any, any> ? {
                                                                                                       ~
    12     [Key in keyof ObjectType]: ObjectType[Key];
       ~~~~~~~~~~~~~~~~~~~~~~~~~~~~~~~~~~~~~~~~~~~~~~~
    13 } : never;
       ~
    The expected type comes from property 'segment' which is declared here on type '{ sentAt?: number | undefined; scheduledAt?: number | undefined; segment?: string | undefined; createdAt: number; type: "broadcast" | "targeted"; status: "scheduled" | "sent" | "draft"; ... 7 more ...; inAppBody: string; }'
convex/platform/communications/mutations.ts:167:7 - error TS2322: Type '"scheduled" | "failed" | "sent" | "draft" | "sending"' is not assignable to type '"scheduled" | "sent" | "draft"'.
  Type '"failed"' is not assignable to type '"scheduled" | "sent" | "draft"'.

167       status: args.status,
          ~~~~~~

  node_modules/convex/dist/esm-types/type_utils.d.ts:11:97
    11 export type Expand<ObjectType extends Record<any, any>> = ObjectType extends Record<any, any> ? {
                                                                                                       ~
    12     [Key in keyof ObjectType]: ObjectType[Key];
       ~~~~~~~~~~~~~~~~~~~~~~~~~~~~~~~~~~~~~~~~~~~~~~~
    13 } : never;
       ~
    The expected type comes from property 'status' which is declared here on type '{ sentAt?: number | undefined; scheduledAt?: number | undefined; segment?: string | undefined; createdAt: number; type: "broadcast" | "targeted"; status: "scheduled" | "sent" | "draft"; ... 7 more ...; inAppBody: string; }'

convex/platform/communications/mutations.ts:232:28 - error TS2345: Argument of type '{ subject: string; emailBody: string; smsBody: string; inAppBody: string; channels: string[]; }' is not assignable to parameter of type '{ subject?: string | undefined; emailBody?: string | undefined; smsBody?: string | undefined; inAppBody?: string | undefined; channels?: ("email" | "sms" | "in_app")[] | undefined; }'.
  Types of property 'channels' are incompatible.
    Type 'string[]' is not assignable to type '("email" | "sms" | "in_app")[]'.
      Type 'string' is not assignable to type '"email" | "sms" | "in_app"'.

232     validateMessagePayload(nextPayload);
                               ~~~~~~~~~~~
convex/platform/communications/mutations.ts:384:7 - error TS2322: Type 'string[]' is not assignable to type '("email" | "sms" | "in_app")[]'.
  Type 'string' is not assignable to type '"email" | "sms" | "in_app"'.

384       channels: message.channels,
          ~~~~~~~~

  convex/platform/communications/mutations.ts:61:3
    61   channels?: Array<"in_app" | "email" | "sms">;
         ~~~~~~~~
    The expected type comes from property 'channels' which is declared here on type '{ subject?: string | undefined; emailBody?: string | undefined; smsBody?: string | undefined; inAppBody?: string | undefined; channels?: ("email" | "sms" | "in_app")[] | undefined; }'
convex/platform/communications/mutations.ts:388:7 - error TS2322: Type '"sending"' is not assignable to type '"scheduled" | "sent" | "draft" | undefined'.

388       status: "sending",
          ~~~~~~

  node_modules/convex/dist/esm-types/server/database.d.ts:353:22
    353 type PatchValue<T> = {
                             ~
    354     [P in keyof T]?: undefined extends T[P] ? T[P] | undefined : T[P];
        ~~~~~~~~~~~~~~~~~~~~~~~~~~~~~~~~~~~~~~~~~~~~~~~~~~~~~~~~~~~~~~~~~~~~~~
    355 };
        ~
    The expected type comes from property 'status' which is declared here on type 'PatchValue<{ _id: Id<"platform_messages">; _creationTime: number; sentAt?: number | undefined; scheduledAt?: number | undefined; segment?: string | undefined; createdAt: number; type: "broadcast" | "targeted"; ... 8 more ...; inAppBody: string; }>'
convex/platform/communications/mutations.ts:392:57 - error TS2345: Argument of type 'string | undefined' is not assignable to parameter of type '{ planTiers?: string[] | undefined; tenantIds?: string[] | undefined; statuses?: string[] | undefined; counties?: string[] | undefined; schoolTypes?: string[] | undefined; excludeTenantIds?: string[] | undefined; }'.
  Type 'undefined' is not assignable to type '{ planTiers?: string[] | undefined; tenantIds?: string[] | undefined; statuses?: string[] | undefined; counties?: string[] | undefined; schoolTypes?: string[] | undefined; excludeTenantIds?: string[] | undefined; }'.

392     const tenantIds = await resolveTargetTenantIds(ctx, message.segment);
                                                            ~~~~~~~~~~~~~~~
convex/platform/communications/mutations.ts:397:54 - error TS2345: Argument of type '"broadcast" | "targeted"' is not assignable to parameter of type '"broadcast" | "campaign" | "alert" | "transactional" | "drip_step"'.
  Type '"targeted"' is not assignable to type '"broadcast" | "campaign" | "alert" | "transactional" | "drip_step"'.

397       const notificationType = inferNotificationType(message.type);
                                                         ~~~~~~~~~~~~

convex/platform/communications/mutations.ts:400:29 - error TS2345: Argument of type '"tenant_notifications"' is not assignable to parameter of type 'TableNamesInDataModel<{ sessions: { document: { _id: Id<"sessions">; _creationTime: number; sessionToken?: string | undefined; token?: string | undefined; email?: string | undefined; deviceInfo?: string | undefined; ... 7 more ...; createdAt: number; }; fieldPaths: ExtractFieldPaths<...> | "_id"; indexes: { ...; }; ...'.

400         await ctx.db.insert("tenant_notifications", {
                                ~~~~~~~~~~~~~~~~~~~~~~
convex/platform/communications/mutations.ts:469:48 - error TS2345: Argument of type '"tenant_notifications"' is not assignable to parameter of type 'TableNamesInDataModel<{ sessions: { document: { _id: Id<"sessions">; _creationTime: number; sessionToken?: string | undefined; token?: string | undefined; email?: string | undefined; deviceInfo?: string | undefined; ... 7 more ...; createdAt: number; }; fieldPaths: ExtractFieldPaths<...> | "_id"; indexes: { ...; }; ...'.

469     const notificationId = await ctx.db.insert("tenant_notifications", {
                                                   ~~~~~~~~~~~~~~~~~~~~~~
convex/platform/dataExport/mutations.ts:96:20 - error TS2345: Argument of type '"supportTickets"' is not assignable to parameter of type 'TableNamesInDataModel<{ sessions: { document: { _id: Id<"sessions">; _creationTime: number; sessionToken?: string | undefined; token?: string | undefined; email?: string | undefined; deviceInfo?: string | undefined; ... 7 more ...; createdAt: number; }; fieldPaths: ExtractFieldPaths<...> | "_id"; indexes: { ...; }; ...'.

96             .query("supportTickets")
                      ~~~~~~~~~~~~~~~~
convex/platform/dataExport/mutations.ts:130:20 - error TS2345: Argument of type '"platformAnalytics"' is not assignable to parameter of type 'TableNamesInDataModel<{ sessions: { document: { _id: Id<"sessions">; _creationTime: number; sessionToken?: string | undefined; token?: string | undefined; email?: string | undefined; deviceInfo?: string | undefined; ... 7 more ...; createdAt: number; }; fieldPaths: ExtractFieldPaths<...> | "_id"; indexes: { ...; }; ...'.

130             .query("platformAnalytics")
                       ~~~~~~~~~~~~~~~~~~~
convex/platform/dataExport/queries.ts:1:17 - error TS2305: Module '"../../_generated/server"' has no exported member 'Id'.

1 import { query, Id } from "../../_generated/server";
                  ~~
convex/platform/security/mutations.ts:328:28 - error TS2339: Property 'email' does not exist on type '{ country?: string | undefined; ip?: string | undefined; userAgent?: string | undefined; }'.

328         user: args.source?.email ?? undefined,
                               ~~~~~

Found 18 errors in 5 files.

Errors  Files
     1  convex/platform/changelog/mutations.ts:20
    13  convex/platform/communications/mutations.ts:158
     2  convex/platform/dataExport/mutations.ts:96
     1  convex/platform/dataExport/queries.ts:1
     1  convex/platform/security/mutations.ts:328
